<?xml version="1.0" encoding="UTF-8"?>
<coverage generated="1779654785932" clover="3.2.0">
  <project timestamp="1779654785932" name="All files">
    <metrics statements="86" coveredstatements="58" conditionals="42" coveredconditionals="26" methods="13" coveredmethods="10" elements="141" coveredelements="94" complexity="0" loc="86" ncloc="86" packages="1" files="1" classes="1"/>
    <file name="server.js" path="/Users/veronikadunaeva/mywebapp/server.js">
      <metrics statements="86" coveredstatements="58" conditionals="42" coveredconditionals="26" methods="13" coveredmethods="10"/>
      <line num="1" count="1" type="stmt"/>
      <line num="2" count="1" type="stmt"/>
      <line num="3" count="1" type="stmt"/>
      <line num="4" count="1" type="stmt"/>
      <line num="6" count="1" type="stmt"/>
      <line num="12" count="1" type="stmt"/>
      <line num="18" count="1" type="cond" truecount="2" falsecount="0"/>
      <line num="20" count="1" type="stmt"/>
      <line num="21" count="1" type="stmt"/>
      <line num="22" count="1" type="stmt"/>
      <line num="24" count="1" type="stmt"/>
      <line num="30" count="1" type="stmt"/>
      <line num="31" count="1" type="stmt"/>
      <line num="32" count="1" type="stmt"/>
      <line num="33" count="2" type="stmt"/>
      <line num="34" count="1" type="stmt"/>
      <line num="35" count="1" type="stmt"/>
      <line num="36" count="1" type="stmt"/>
      <line num="37" count="2" type="stmt"/>
      <line num="38" count="1" type="stmt"/>
      <line num="40" count="1" type="stmt"/>
      <line num="41" count="1" type="stmt"/>
      <line num="44" count="1" type="stmt"/>
      <line num="45" count="1" type="stmt"/>
      <line num="48" count="1" type="stmt"/>
      <line num="50" count="2" type="stmt"/>
      <line num="51" count="2" type="stmt"/>
      <line num="52" count="2" type="stmt"/>
      <line num="53" count="1" type="stmt"/>
      <line num="55" count="1" type="stmt"/>
      <line num="57" count="2" type="cond" truecount="1" falsecount="1"/>
      <line num="61" count="1" type="stmt"/>
      <line num="62" count="1" type="stmt"/>
      <line num="76" count="1" type="stmt"/>
      <line num="77" count="1" type="stmt"/>
      <line num="80" count="1" type="stmt"/>
      <line num="82" count="2" type="stmt"/>
      <line num="83" count="2" type="stmt"/>
      <line num="84" count="2" type="stmt"/>
      <line num="87" count="2" type="cond" truecount="2" falsecount="0"/>
      <line num="88" count="2" type="cond" truecount="2" falsecount="0"/>
      <line num="89" count="1" type="stmt"/>
      <line num="90" count="1" type="stmt"/>
      <line num="91" count="1" type="stmt"/>
      <line num="93" count="1" type="stmt"/>
      <line num="96" count="0" type="stmt"/>
      <line num="98" count="2" type="cond" truecount="1" falsecount="1"/>
      <line num="102" count="1" type="stmt"/>
      <line num="103" count="2" type="stmt"/>
      <line num="104" count="2" type="cond" truecount="4" falsecount="0"/>
      <line num="105" count="1" type="stmt"/>
      <line num="109" count="1" type="stmt"/>
      <line num="110" count="1" type="stmt"/>
      <line num="111" count="1" type="stmt"/>
      <line num="113" count="1" type="stmt"/>
      <line num="115" count="0" type="stmt"/>
      <line num="117" count="1" type="cond" truecount="1" falsecount="1"/>
      <line num="121" count="1" type="stmt"/>
      <line num="122" count="0" type="stmt"/>
      <line num="124" count="0" type="stmt"/>
      <line num="125" count="0" type="stmt"/>
      <line num="126" count="0" type="stmt"/>
      <line num="128" count="0" type="cond" truecount="0" falsecount="2"/>
      <line num="129" count="0" type="stmt"/>
      <line num="132" count="0" type="stmt"/>
      <line num="133" count="0" type="cond" truecount="0" falsecount="2"/>
      <line num="135" count="0" type="cond" truecount="0" falsecount="2"/>
      <line num="136" count="0" type="stmt"/>
      <line num="148" count="0" type="stmt"/>
      <line num="149" count="0" type="stmt"/>
      <line num="151" count="0" type="stmt"/>
      <line num="154" count="0" type="stmt"/>
      <line num="156" count="0" type="cond" truecount="0" falsecount="2"/>
      <line num="161" count="0" type="stmt"/>
      <line num="162" count="0" type="cond" truecount="0" falsecount="2"/>
      <line num="163" count="0" type="stmt"/>
      <line num="164" count="0" type="stmt"/>
      <line num="165" count="0" type="stmt"/>
      <line num="166" count="0" type="cond" truecount="0" falsecount="2"/>
      <line num="167" count="0" type="stmt"/>
      <line num="169" count="0" type="stmt"/>
      <line num="173" count="0" type="stmt"/>
      <line num="174" count="0" type="stmt"/>
      <line num="178" count="1" type="cond" truecount="1" falsecount="1"/>
      <line num="179" count="0" type="stmt"/>
      <line num="182" count="1" type="stmt"/>
    </file>
  </project>
</coverage>
