{"/Users/veronikadunaeva/mywebapp/server.js": {"path":"/Users/veronikadunaeva/mywebapp/server.js","statementMap":{"0":{"start":{"line":1,"column":16},"end":{"line":1,"column":34}},"1":{"start":{"line":2,"column":16},"end":{"line":2,"column":34}},"2":{"start":{"line":3,"column":18},"end":{"line":3,"column":37}},"3":{"start":{"line":4,"column":26},"end":{"line":4,"column":49}},"4":{"start":{"line":6,"column":13},"end":{"line":10,"column":2}},"5":{"start":{"line":12,"column":17},"end":{"line":17,"column":1}},"6":{"start":{"line":18,"column":13},"end":{"line":18,"column":42}},"7":{"start":{"line":20,"column":12},"end":{"line":20,"column":21}},"8":{"start":{"line":21,"column":0},"end":{"line":21,"column":24}},"9":{"start":{"line":22,"column":0},"end":{"line":22,"column":48}},"10":{"start":{"line":24,"column":13},"end":{"line":27,"column":2}},"11":{"start":{"line":30,"column":15},"end":{"line":30,"column":80}},"12":{"start":{"line":31,"column":4},"end":{"line":31,"column":32}},"13":{"start":{"line":32,"column":4},"end":{"line":32,"column":37}},"14":{"start":{"line":33,"column":4},"end":{"line":33,"column":50}},"15":{"start":{"line":33,"column":25},"end":{"line":33,"column":48}},"16":{"start":{"line":34,"column":4},"end":{"line":34,"column":20}},"17":{"start":{"line":35,"column":4},"end":{"line":39,"column":7}},"18":{"start":{"line":36,"column":8},"end":{"line":36,"column":23}},"19":{"start":{"line":37,"column":8},"end":{"line":37,"column":56}},"20":{"start":{"line":37,"column":28},"end":{"line":37,"column":54}},"21":{"start":{"line":38,"column":8},"end":{"line":38,"column":24}},"22":{"start":{"line":40,"column":4},"end":{"line":40,"column":37}},"23":{"start":{"line":41,"column":4},"end":{"line":41,"column":16}},"24":{"start":{"line":44,"column":0},"end":{"line":46,"column":3}},"25":{"start":{"line":45,"column":4},"end":{"line":45,"column":31}},"26":{"start":{"line":48,"column":0},"end":{"line":59,"column":3}},"27":{"start":{"line":50,"column":4},"end":{"line":58,"column":5}},"28":{"start":{"line":51,"column":8},"end":{"line":51,"column":42}},"29":{"start":{"line":52,"column":8},"end":{"line":52,"column":37}},"30":{"start":{"line":53,"column":8},"end":{"line":53,"column":35}},"31":{"start":{"line":55,"column":8},"end":{"line":55,"column":75}},"32":{"start":{"line":57,"column":8},"end":{"line":57,"column":33}},"33":{"start":{"line":57,"column":18},"end":{"line":57,"column":33}},"34":{"start":{"line":61,"column":0},"end":{"line":78,"column":3}},"35":{"start":{"line":62,"column":17},"end":{"line":75,"column":12}},"36":{"start":{"line":76,"column":4},"end":{"line":76,"column":41}},"37":{"start":{"line":77,"column":4},"end":{"line":77,"column":19}},"38":{"start":{"line":80,"column":0},"end":{"line":100,"column":3}},"39":{"start":{"line":82,"column":4},"end":{"line":99,"column":5}},"40":{"start":{"line":83,"column":8},"end":{"line":83,"column":42}},"41":{"start":{"line":84,"column":21},"end":{"line":84,"column":68}},"42":{"start":{"line":87,"column":23},"end":{"line":87,"column":50}},"43":{"start":{"line":88,"column":8},"end":{"line":94,"column":9}},"44":{"start":{"line":89,"column":30},"end":{"line":89,"column":60}},"45":{"start":{"line":89,"column":44},"end":{"line":89,"column":59}},"46":{"start":{"line":90,"column":12},"end":{"line":90,"column":49}},"47":{"start":{"line":91,"column":12},"end":{"line":91,"column":87}},"48":{"start":{"line":93,"column":12},"end":{"line":93,"column":34}},"49":{"start":{"line":96,"column":8},"end":{"line":96,"column":53}},"50":{"start":{"line":98,"column":8},"end":{"line":98,"column":33}},"51":{"start":{"line":98,"column":18},"end":{"line":98,"column":33}},"52":{"start":{"line":102,"column":0},"end":{"line":119,"column":3}},"53":{"start":{"line":103,"column":31},"end":{"line":103,"column":39}},"54":{"start":{"line":104,"column":4},"end":{"line":106,"column":5}},"55":{"start":{"line":105,"column":8},"end":{"line":105,"column":64}},"56":{"start":{"line":109,"column":4},"end":{"line":118,"column":5}},"57":{"start":{"line":110,"column":8},"end":{"line":110,"column":42}},"58":{"start":{"line":111,"column":23},"end":{"line":111,"column":109}},"59":{"start":{"line":113,"column":8},"end":{"line":113,"column":78}},"60":{"start":{"line":115,"column":8},"end":{"line":115,"column":53}},"61":{"start":{"line":117,"column":8},"end":{"line":117,"column":33}},"62":{"start":{"line":117,"column":18},"end":{"line":117,"column":33}},"63":{"start":{"line":121,"column":0},"end":{"line":158,"column":3}},"64":{"start":{"line":122,"column":15},"end":{"line":122,"column":28}},"65":{"start":{"line":124,"column":4},"end":{"line":157,"column":5}},"66":{"start":{"line":125,"column":8},"end":{"line":125,"column":42}},"67":{"start":{"line":126,"column":21},"end":{"line":126,"column":108}},"68":{"start":{"line":128,"column":8},"end":{"line":130,"column":9}},"69":{"start":{"line":129,"column":12},"end":{"line":129,"column":58}},"70":{"start":{"line":132,"column":21},"end":{"line":132,"column":28}},"71":{"start":{"line":133,"column":23},"end":{"line":133,"column":50}},"72":{"start":{"line":135,"column":8},"end":{"line":152,"column":9}},"73":{"start":{"line":136,"column":25},"end":{"line":147,"column":20}},"74":{"start":{"line":148,"column":12},"end":{"line":148,"column":49}},"75":{"start":{"line":149,"column":12},"end":{"line":149,"column":34}},"76":{"start":{"line":151,"column":12},"end":{"line":151,"column":34}},"77":{"start":{"line":154,"column":8},"end":{"line":154,"column":53}},"78":{"start":{"line":156,"column":8},"end":{"line":156,"column":33}},"79":{"start":{"line":156,"column":18},"end":{"line":156,"column":33}},"80":{"start":{"line":161,"column":25},"end":{"line":161,"column":51}},"81":{"start":{"line":162,"column":21},"end":{"line":162,"column":56}},"82":{"start":{"line":163,"column":4},"end":{"line":175,"column":5}},"83":{"start":{"line":164,"column":8},"end":{"line":164,"column":38}},"84":{"start":{"line":165,"column":8},"end":{"line":171,"column":11}},"85":{"start":{"line":166,"column":8},"end":{"line":170,"column":9}},"86":{"start":{"line":167,"column":12},"end":{"line":167,"column":73}},"87":{"start":{"line":169,"column":12},"end":{"line":169,"column":70}},"88":{"start":{"line":173,"column":8},"end":{"line":173,"column":59}},"89":{"start":{"line":174,"column":8},"end":{"line":174,"column":24}},"90":{"start":{"line":178,"column":0},"end":{"line":180,"column":1}},"91":{"start":{"line":179,"column":4},"end":{"line":179,"column":12}},"92":{"start":{"line":182,"column":0},"end":{"line":182,"column":31}}},"fnMap":{"0":{"name":"renderHtmlTable","decl":{"start":{"line":29,"column":9},"end":{"line":29,"column":24}},"loc":{"start":{"line":29,"column":47},"end":{"line":42,"column":1}},"line":29},"1":{"name":"(anonymous_1)","decl":{"start":{"line":33,"column":20},"end":{"line":33,"column":21}},"loc":{"start":{"line":33,"column":25},"end":{"line":33,"column":48}},"line":33},"2":{"name":"(anonymous_2)","decl":{"start":{"line":35,"column":17},"end":{"line":35,"column":18}},"loc":{"start":{"line":35,"column":24},"end":{"line":39,"column":5}},"line":35},"3":{"name":"(anonymous_3)","decl":{"start":{"line":37,"column":20},"end":{"line":37,"column":21}},"loc":{"start":{"line":37,"column":28},"end":{"line":37,"column":54}},"line":37},"4":{"name":"(anonymous_4)","decl":{"start":{"line":44,"column":25},"end":{"line":44,"column":26}},"loc":{"start":{"line":44,"column":39},"end":{"line":46,"column":1}},"line":44},"5":{"name":"(anonymous_5)","decl":{"start":{"line":48,"column":25},"end":{"line":48,"column":26}},"loc":{"start":{"line":48,"column":45},"end":{"line":59,"column":1}},"line":48},"6":{"name":"(anonymous_6)","decl":{"start":{"line":61,"column":13},"end":{"line":61,"column":14}},"loc":{"start":{"line":61,"column":27},"end":{"line":78,"column":1}},"line":61},"7":{"name":"(anonymous_7)","decl":{"start":{"line":80,"column":18},"end":{"line":80,"column":19}},"loc":{"start":{"line":80,"column":38},"end":{"line":100,"column":1}},"line":80},"8":{"name":"(anonymous_8)","decl":{"start":{"line":89,"column":39},"end":{"line":89,"column":40}},"loc":{"start":{"line":89,"column":44},"end":{"line":89,"column":59}},"line":89},"9":{"name":"(anonymous_9)","decl":{"start":{"line":102,"column":19},"end":{"line":102,"column":20}},"loc":{"start":{"line":102,"column":39},"end":{"line":119,"column":1}},"line":102},"10":{"name":"(anonymous_10)","decl":{"start":{"line":121,"column":22},"end":{"line":121,"column":23}},"loc":{"start":{"line":121,"column":42},"end":{"line":158,"column":1}},"line":121},"11":{"name":"start","decl":{"start":{"line":160,"column":15},"end":{"line":160,"column":20}},"loc":{"start":{"line":160,"column":23},"end":{"line":176,"column":1}},"line":160},"12":{"name":"(anonymous_12)","decl":{"start":{"line":165,"column":33},"end":{"line":165,"column":34}},"loc":{"start":{"line":165,"column":39},"end":{"line":171,"column":9}},"line":165}},"branchMap":{"0":{"loc":{"start":{"line":13,"column":10},"end":{"line":13,"column":63}},"type":"binary-expr","locations":[{"start":{"line":13,"column":10},"end":{"line":13,"column":29}},{"start":{"line":13,"column":33},"end":{"line":13,"column":48}},{"start":{"line":13,"column":52},"end":{"line":13,"column":63}}],"line":13},"1":{"loc":{"start":{"line":14,"column":10},"end":{"line":14,"column":65}},"type":"binary-expr","locations":[{"start":{"line":14,"column":10},"end":{"line":14,"column":29}},{"start":{"line":14,"column":33},"end":{"line":14,"column":48}},{"start":{"line":14,"column":52},"end":{"line":14,"column":65}}],"line":14},"2":{"loc":{"start":{"line":15,"column":14},"end":{"line":15,"column":70}},"type":"binary-expr","locations":[{"start":{"line":15,"column":14},"end":{"line":15,"column":37}},{"start":{"line":15,"column":41},"end":{"line":15,"column":56}},{"start":{"line":15,"column":60},"end":{"line":15,"column":70}}],"line":15},"3":{"loc":{"start":{"line":16,"column":14},"end":{"line":16,"column":69}},"type":"binary-expr","locations":[{"start":{"line":16,"column":14},"end":{"line":16,"column":33}},{"start":{"line":16,"column":37},"end":{"line":16,"column":52}},{"start":{"line":16,"column":56},"end":{"line":16,"column":69}}],"line":16},"4":{"loc":{"start":{"line":18,"column":13},"end":{"line":18,"column":42}},"type":"binary-expr","locations":[{"start":{"line":18,"column":13},"end":{"line":18,"column":29}},{"start":{"line":18,"column":33},"end":{"line":18,"column":42}}],"line":18},"5":{"loc":{"start":{"line":57,"column":8},"end":{"line":57,"column":33}},"type":"if","locations":[{"start":{"line":57,"column":8},"end":{"line":57,"column":33}},{"start":{},"end":{}}],"line":57},"6":{"loc":{"start":{"line":87,"column":23},"end":{"line":87,"column":50}},"type":"binary-expr","locations":[{"start":{"line":87,"column":23},"end":{"line":87,"column":44}},{"start":{"line":87,"column":48},"end":{"line":87,"column":50}}],"line":87},"7":{"loc":{"start":{"line":88,"column":8},"end":{"line":94,"column":9}},"type":"if","locations":[{"start":{"line":88,"column":8},"end":{"line":94,"column":9}},{"start":{"line":92,"column":15},"end":{"line":94,"column":9}}],"line":88},"8":{"loc":{"start":{"line":98,"column":8},"end":{"line":98,"column":33}},"type":"if","locations":[{"start":{"line":98,"column":8},"end":{"line":98,"column":33}},{"start":{},"end":{}}],"line":98},"9":{"loc":{"start":{"line":104,"column":4},"end":{"line":106,"column":5}},"type":"if","locations":[{"start":{"line":104,"column":4},"end":{"line":106,"column":5}},{"start":{},"end":{}}],"line":104},"10":{"loc":{"start":{"line":104,"column":8},"end":{"line":104,"column":26}},"type":"binary-expr","locations":[{"start":{"line":104,"column":8},"end":{"line":104,"column":14}},{"start":{"line":104,"column":18},"end":{"line":104,"column":26}}],"line":104},"11":{"loc":{"start":{"line":117,"column":8},"end":{"line":117,"column":33}},"type":"if","locations":[{"start":{"line":117,"column":8},"end":{"line":117,"column":33}},{"start":{},"end":{}}],"line":117},"12":{"loc":{"start":{"line":128,"column":8},"end":{"line":130,"column":9}},"type":"if","locations":[{"start":{"line":128,"column":8},"end":{"line":130,"column":9}},{"start":{},"end":{}}],"line":128},"13":{"loc":{"start":{"line":133,"column":23},"end":{"line":133,"column":50}},"type":"binary-expr","locations":[{"start":{"line":133,"column":23},"end":{"line":133,"column":44}},{"start":{"line":133,"column":48},"end":{"line":133,"column":50}}],"line":133},"14":{"loc":{"start":{"line":135,"column":8},"end":{"line":152,"column":9}},"type":"if","locations":[{"start":{"line":135,"column":8},"end":{"line":152,"column":9}},{"start":{"line":150,"column":15},"end":{"line":152,"column":9}}],"line":135},"15":{"loc":{"start":{"line":156,"column":8},"end":{"line":156,"column":33}},"type":"if","locations":[{"start":{"line":156,"column":8},"end":{"line":156,"column":33}},{"start":{},"end":{}}],"line":156},"16":{"loc":{"start":{"line":162,"column":21},"end":{"line":162,"column":56}},"type":"cond-expr","locations":[{"start":{"line":162,"column":40},"end":{"line":162,"column":49}},{"start":{"line":162,"column":52},"end":{"line":162,"column":56}}],"line":162},"17":{"loc":{"start":{"line":166,"column":8},"end":{"line":170,"column":9}},"type":"if","locations":[{"start":{"line":166,"column":8},"end":{"line":170,"column":9}},{"start":{"line":168,"column":15},"end":{"line":170,"column":9}}],"line":166},"18":{"loc":{"start":{"line":178,"column":0},"end":{"line":180,"column":1}},"type":"if","locations":[{"start":{"line":178,"column":0},"end":{"line":180,"column":1}},{"start":{},"end":{}}],"line":178}},"s":{"0":1,"1":1,"2":1,"3":1,"4":1,"5":1,"6":1,"7":1,"8":1,"9":1,"10":1,"11":1,"12":1,"13":1,"14":1,"15":2,"16":1,"17":1,"18":1,"19":1,"20":2,"21":1,"22":1,"23":1,"24":1,"25":1,"26":1,"27":2,"28":2,"29":2,"30":1,"31":1,"32":2,"33":2,"34":1,"35":1,"36":1,"37":1,"38":1,"39":2,"40":2,"41":2,"42":2,"43":2,"44":1,"45":1,"46":1,"47":1,"48":1,"49":0,"50":2,"51":2,"52":1,"53":2,"54":2,"55":1,"56":1,"57":1,"58":1,"59":1,"60":0,"61":1,"62":1,"63":1,"64":0,"65":0,"66":0,"67":0,"68":0,"69":0,"70":0,"71":0,"72":0,"73":0,"74":0,"75":0,"76":0,"77":0,"78":0,"79":0,"80":0,"81":0,"82":0,"83":0,"84":0,"85":0,"86":0,"87":0,"88":0,"89":0,"90":1,"91":0,"92":1},"f":{"0":1,"1":2,"2":1,"3":2,"4":1,"5":2,"6":1,"7":2,"8":1,"9":2,"10":0,"11":0,"12":0},"b":{"0":[1,1,1],"1":[1,1,1],"2":[1,1,1],"3":[1,1,1],"4":[1,1],"5":[2,0],"6":[2,1],"7":[1,1],"8":[2,0],"9":[1,1],"10":[2,2],"11":[1,0],"12":[0,0],"13":[0,0],"14":[0,0],"15":[0,0],"16":[0,0],"17":[0,0],"18":[0,1]},"_coverageSchema":"1a1c01bbd47fc00a2c39e90264f33305004495a9","hash":"790b61f19be4ae3b4b1276c951c39afd84ec79db"}
}
