TN:
SF:server.js
FN:29,renderHtmlTable
FN:33,(anonymous_1)
FN:35,(anonymous_2)
FN:37,(anonymous_3)
FN:44,(anonymous_4)
FN:48,(anonymous_5)
FN:61,(anonymous_6)
FN:80,(anonymous_7)
FN:89,(anonymous_8)
FN:102,(anonymous_9)
FN:121,(anonymous_10)
FN:160,start
FN:165,(anonymous_12)
FNF:13
FNH:10
FNDA:1,renderHtmlTable
FNDA:2,(anonymous_1)
FNDA:1,(anonymous_2)
FNDA:2,(anonymous_3)
FNDA:1,(anonymous_4)
FNDA:2,(anonymous_5)
FNDA:1,(anonymous_6)
FNDA:2,(anonymous_7)
FNDA:1,(anonymous_8)
FNDA:2,(anonymous_9)
FNDA:0,(anonymous_10)
FNDA:0,start
FNDA:0,(anonymous_12)
DA:1,1
DA:2,1
DA:3,1
DA:4,1
DA:6,1
DA:12,1
DA:18,1
DA:20,1
DA:21,1
DA:22,1
DA:24,1
DA:30,1
DA:31,1
DA:32,1
DA:33,2
DA:34,1
DA:35,1
DA:36,1
DA:37,2
DA:38,1
DA:40,1
DA:41,1
DA:44,1
DA:45,1
DA:48,1
DA:50,2
DA:51,2
DA:52,2
DA:53,1
DA:55,1
DA:57,2
DA:61,1
DA:62,1
DA:76,1
DA:77,1
DA:80,1
DA:82,2
DA:83,2
DA:84,2
DA:87,2
DA:88,2
DA:89,1
DA:90,1
DA:91,1
DA:93,1
DA:96,0
DA:98,2
DA:102,1
DA:103,2
DA:104,2
DA:105,1
DA:109,1
DA:110,1
DA:111,1
DA:113,1
DA:115,0
DA:117,1
DA:121,1
DA:122,0
DA:124,0
DA:125,0
DA:126,0
DA:128,0
DA:129,0
DA:132,0
DA:133,0
DA:135,0
DA:136,0
DA:148,0
DA:149,0
DA:151,0
DA:154,0
DA:156,0
DA:161,0
DA:162,0
DA:163,0
DA:164,0
DA:165,0
DA:166,0
DA:167,0
DA:169,0
DA:173,0
DA:174,0
DA:178,1
DA:179,0
DA:182,1
LF:86
LH:58
BRDA:13,0,0,1
BRDA:13,0,1,1
BRDA:13,0,2,1
BRDA:14,1,0,1
BRDA:14,1,1,1
BRDA:14,1,2,1
BRDA:15,2,0,1
BRDA:15,2,1,1
BRDA:15,2,2,1
BRDA:16,3,0,1
BRDA:16,3,1,1
BRDA:16,3,2,1
BRDA:18,4,0,1
BRDA:18,4,1,1
BRDA:57,5,0,2
BRDA:57,5,1,0
BRDA:87,6,0,2
BRDA:87,6,1,1
BRDA:88,7,0,1
BRDA:88,7,1,1
BRDA:98,8,0,2
BRDA:98,8,1,0
BRDA:104,9,0,1
BRDA:104,9,1,1
BRDA:104,10,0,2
BRDA:104,10,1,2
BRDA:117,11,0,1
BRDA:117,11,1,0
BRDA:128,12,0,0
BRDA:128,12,1,0
BRDA:133,13,0,0
BRDA:133,13,1,0
BRDA:135,14,0,0
BRDA:135,14,1,0
BRDA:156,15,0,0
BRDA:156,15,1,0
BRDA:162,16,0,0
BRDA:162,16,1,0
BRDA:166,17,0,0
BRDA:166,17,1,0
BRDA:178,18,0,0
BRDA:178,18,1,1
BRF:42
BRH:26
end_of_record
